<?xml version="1.0" encoding="UTF-8"?>
<!-- Generated by org.testng.reporters.JUnitXMLReporter -->
<testsuite hostname="LAPTOP-OAH23U9B" ignored="0" name="Test" tests="7" failures="5" timestamp="2020-05-01T12:12:36 IST" time="94.029" errors="0">
  <testcase name="loginTest" time="3.076" classname="com.Bnaking.TestCases.TC_LoginTest_001"/>
  <testcase name="addNewCustomer" time="17.895" classname="com.Bnaking.TestCases.TC_AddCustomerTest_003"/>
  <testcase name="loginDDT" time="5.469" classname="com.Bnaking.TestCases.TC_LoginDDT_002">
    <failure type="java.lang.AssertionError" message="expected [true] but found [false]">
      <![CDATA[java.lang.AssertionError: expected [true] but found [false]
at com.Bnaking.TestCases.TC_LoginDDT_002.loginDDT(TC_LoginDDT_002.java:32)
at java.util.ArrayList.forEach(ArrayList.java:1249)
... Removed 31 stack frames]]>
    </failure>
  </testcase> <!-- loginDDT -->
  <testcase name="loginDDT" time="5.745" classname="com.Bnaking.TestCases.TC_LoginDDT_002">
    <failure type="java.lang.AssertionError" message="expected [true] but found [false]">
      <![CDATA[java.lang.AssertionError: expected [true] but found [false]
at com.Bnaking.TestCases.TC_LoginDDT_002.loginDDT(TC_LoginDDT_002.java:32)
at java.util.ArrayList.forEach(ArrayList.java:1249)
... Removed 31 stack frames]]>
    </failure>
  </testcase> <!-- loginDDT -->
  <testcase name="loginDDT" time="12.183" classname="com.Bnaking.TestCases.TC_LoginDDT_002">
    <failure type="java.lang.AssertionError" message="expected [true] but found [false]">
      <![CDATA[java.lang.AssertionError: expected [true] but found [false]
at com.Bnaking.TestCases.TC_LoginDDT_002.loginDDT(TC_LoginDDT_002.java:32)
at java.util.ArrayList.forEach(ArrayList.java:1249)
... Removed 31 stack frames]]>
    </failure>
  </testcase> <!-- loginDDT -->
  <testcase name="loginDDT" time="5.169" classname="com.Bnaking.TestCases.TC_LoginDDT_002">
    <failure type="java.lang.AssertionError" message="expected [true] but found [false]">
      <![CDATA[java.lang.AssertionError: expected [true] but found [false]
at com.Bnaking.TestCases.TC_LoginDDT_002.loginDDT(TC_LoginDDT_002.java:32)
at java.util.ArrayList.forEach(ArrayList.java:1249)
... Removed 31 stack frames]]>
    </failure>
  </testcase> <!-- loginDDT -->
  <testcase name="loginDDT" time="5.629" classname="com.Bnaking.TestCases.TC_LoginDDT_002">
    <failure type="java.lang.AssertionError" message="expected [true] but found [false]">
      <![CDATA[java.lang.AssertionError: expected [true] but found [false]
at com.Bnaking.TestCases.TC_LoginDDT_002.loginDDT(TC_LoginDDT_002.java:32)
at java.util.ArrayList.forEach(ArrayList.java:1249)
... Removed 31 stack frames]]>
    </failure>
  </testcase> <!-- loginDDT -->
</testsuite> <!-- Test -->
