<?xml version="1.0" encoding="UTF-8"?>
<testng-results skipped="0" failed="0" ignored="0" total="2" passed="2">
  <reporter-output>
  </reporter-output>
  <suite name="Banking" duration-ms="71054" started-at="2020-05-01T15:26:17 IST" finished-at="2020-05-01T15:27:28 IST">
    <groups>
    </groups>
    <test name="Test" duration-ms="71054" started-at="2020-05-01T15:26:17 IST" finished-at="2020-05-01T15:27:28 IST">
      <class name="com.Bnaking.TestCases.TC_LoginTest_001">
        <test-method status="PASS" signature="setup(java.lang.String)[pri:0, instance:com.Bnaking.TestCases.TC_LoginTest_001@5622fdf]" name="setup" is-config="true" duration-ms="19847" started-at="2020-05-01T15:26:18 IST" finished-at="2020-05-01T15:26:38 IST">
          <params>
            <param index="0">
              <value>
                <![CDATA[chrome]]>
              </value>
            </param>
          </params>
          <reporter-output>
          </reporter-output>
        </test-method> <!-- setup -->
        <test-method status="PASS" signature="loginTest()[pri:0, instance:com.Bnaking.TestCases.TC_LoginTest_001@5622fdf]" name="loginTest" duration-ms="9938" started-at="2020-05-01T15:26:38 IST" finished-at="2020-05-01T15:26:48 IST">
          <reporter-output>
          </reporter-output>
        </test-method> <!-- loginTest -->
        <test-method status="PASS" signature="tearDown()[pri:0, instance:com.Bnaking.TestCases.TC_LoginTest_001@5622fdf]" name="tearDown" is-config="true" duration-ms="1584" started-at="2020-05-01T15:26:48 IST" finished-at="2020-05-01T15:26:49 IST">
          <reporter-output>
          </reporter-output>
        </test-method> <!-- tearDown -->
      </class> <!-- com.Bnaking.TestCases.TC_LoginTest_001 -->
      <class name="com.Bnaking.TestCases.TC_AddCustomerTest_003">
        <test-method status="PASS" signature="setup(java.lang.String)[pri:0, instance:com.Bnaking.TestCases.TC_AddCustomerTest_003@4883b407]" name="setup" is-config="true" duration-ms="15232" started-at="2020-05-01T15:26:49 IST" finished-at="2020-05-01T15:27:05 IST">
          <params>
            <param index="0">
              <value>
                <![CDATA[chrome]]>
              </value>
            </param>
          </params>
          <reporter-output>
          </reporter-output>
        </test-method> <!-- setup -->
        <test-method status="PASS" signature="addNewCustomer()[pri:0, instance:com.Bnaking.TestCases.TC_AddCustomerTest_003@4883b407]" name="addNewCustomer" duration-ms="22590" started-at="2020-05-01T15:27:05 IST" finished-at="2020-05-01T15:27:27 IST">
          <reporter-output>
          </reporter-output>
        </test-method> <!-- addNewCustomer -->
        <test-method status="PASS" signature="tearDown()[pri:0, instance:com.Bnaking.TestCases.TC_AddCustomerTest_003@4883b407]" name="tearDown" is-config="true" duration-ms="1113" started-at="2020-05-01T15:27:27 IST" finished-at="2020-05-01T15:27:28 IST">
          <reporter-output>
          </reporter-output>
        </test-method> <!-- tearDown -->
      </class> <!-- com.Bnaking.TestCases.TC_AddCustomerTest_003 -->
    </test> <!-- Test -->
  </suite> <!-- Banking -->
</testng-results>
